Check for functional dependencies in file 'airbnb_tabddpm_FD_data.csv'
Rows: 3048
Cols: 14
----

Keys: []
----

{"id", "affiliate_channel"} -> {"affiliate_provider"}
{"id", "signup_app"} -> {"signup_flow"}
{"signup_method", "signup_app"} -> {"signup_flow"}
{"affiliate_channel", "signup_app"} -> {"signup_flow"}
{"affiliate_provider", "signup_app"} -> {"signup_flow"}
{"id", "gender", "signup_flow"} -> {"signup_app"}
{"id", "gender", "first_affiliate_tracked"} -> {"language"}
{"id", "signup_flow", "first_browser"} -> {"signup_app"}
{"gender", "signup_flow", "first_browser"} -> {"signup_app"}
{"id", "gender", "device_type"} -> {"signup_flow", "signup_app"}
{"id", "signup_method", "device_type"} -> {"signup_flow"}
{"id", "affiliate_channel", "device_type"} -> {"signup_flow", "first_device_type"}
{"id", "affiliate_provider", "device_type"} -> {"signup_flow"}
{"id", "first_affiliate_tracked", "device_type"} -> {"signup_flow", "first_device_type"}
{"id", "first_browser", "device_type"} -> {"signup_flow", "signup_app", "first_device_type"}
{"id", "country_destination", "device_type"} -> {"first_device_type"}
{"id", "gender", "signup_method", "affiliate_channel"} -> {"language"}
{"id", "gender", "signup_method", "affiliate_provider"} -> {"language"}
{"id", "gender", "affiliate_channel", "first_device_type"} -> {"language"}
{"id", "gender", "affiliate_provider", "first_device_type"} -> {"language", "affiliate_channel"}
{"id", "gender", "first_affiliate_tracked", "first_device_type"} -> {"signup_flow", "signup_app"}
{"id", "gender", "affiliate_channel", "first_browser"} -> {"signup_flow", "language", "signup_app"}
{"id", "gender", "affiliate_provider", "first_browser"} -> {"signup_flow", "language", "signup_app"}
{"id", "affiliate_channel", "first_affiliate_tracked", "first_browser"} -> {"signup_flow", "signup_app"}
{"id", "affiliate_provider", "first_affiliate_tracked", "first_browser"} -> {"signup_flow", "signup_app"}
{"id", "gender", "affiliate_channel", "country_destination"} -> {"language"}
{"id", "gender", "affiliate_provider", "country_destination"} -> {"language"}
{"affiliate_channel", "first_affiliate_tracked", "first_device_type", "country_destination"} -> {"affiliate_provider"}
{"id", "affiliate_provider", "first_browser", "country_destination"} -> {"affiliate_channel"}
{"id", "gender", "first_device_type", "action_type"} -> {"signup_flow", "signup_app"}
{"id", "signup_method", "first_device_type", "action_type"} -> {"signup_flow"}
{"id", "affiliate_channel", "first_device_type", "action_type"} -> {"signup_flow"}
{"id", "affiliate_provider", "first_device_type", "action_type"} -> {"signup_flow"}
{"id", "gender", "first_browser", "action_type"} -> {"signup_flow", "language", "signup_app"}
{"id", "signup_method", "first_browser", "action_type"} -> {"signup_flow", "signup_app"}
{"id", "affiliate_channel", "first_browser", "action_type"} -> {"signup_flow", "signup_app"}
{"id", "affiliate_provider", "first_browser", "action_type"} -> {"signup_flow", "signup_app"}
{"id", "gender", "country_destination", "action_type"} -> {"language"}
{"id", "gender", "affiliate_channel", "device_type"} -> {"language"}
{"id", "gender", "affiliate_provider", "device_type"} -> {"language", "affiliate_channel", "first_device_type"}
{"first_affiliate_tracked", "signup_app", "first_device_type", "device_type"} -> {"signup_flow"}
{"gender", "signup_method", "first_browser", "device_type"} -> {"first_device_type"}
{"gender", "affiliate_channel", "first_browser", "device_type"} -> {"first_device_type"}
{"gender", "first_affiliate_tracked", "first_browser", "device_type"} -> {"first_device_type"}
{"signup_flow", "first_affiliate_tracked", "first_browser", "device_type"} -> {"first_device_type"}
{"gender", "signup_app", "first_browser", "device_type"} -> {"signup_flow"}
{"signup_app", "first_device_type", "first_browser", "device_type"} -> {"signup_flow"}
{"affiliate_channel", "first_affiliate_tracked", "country_destination", "device_type"} -> {"affiliate_provider"}
{"first_affiliate_tracked", "signup_app", "country_destination", "device_type"} -> {"signup_flow"}
{"gender", "first_browser", "country_destination", "device_type"} -> {"first_device_type"}
{"signup_app", "first_browser", "country_destination", "device_type"} -> {"signup_flow"}
{"id", "gender", "action_type", "device_type"} -> {"first_device_type"}
{"id", "affiliate_provider", "action_type", "device_type"} -> {"first_device_type"}
{"id", "gender", "affiliate_channel", "first_affiliate_tracked", "first_browser"} -> {"first_device_type"}
{"id", "signup_method", "first_affiliate_tracked", "first_device_type", "first_browser"} -> {"signup_flow", "signup_app"}
{"id", "affiliate_provider", "first_affiliate_tracked", "first_device_type", "first_browser"} -> {"affiliate_channel"}
{"id", "gender", "affiliate_channel", "first_affiliate_tracked", "country_destination"} -> {"signup_flow", "signup_app"}
{"gender", "language", "affiliate_channel", "first_affiliate_tracked", "country_destination"} -> {"affiliate_provider"}
{"id", "gender", "affiliate_provider", "first_affiliate_tracked", "country_destination"} -> {"signup_flow", "signup_app"}
{"gender", "affiliate_channel", "first_affiliate_tracked", "first_browser", "country_destination"} -> {"affiliate_provider"}
{"id", "gender", "first_device_type", "first_browser", "country_destination"} -> {"signup_flow", "signup_app"}
{"id", "affiliate_provider", "first_affiliate_tracked", "first_device_type", "action_type"} -> {"affiliate_channel"}
{"id", "gender", "affiliate_provider", "first_browser", "action_type"} -> {"affiliate_channel"}
{"id", "gender", "first_affiliate_tracked", "first_browser", "action_type"} -> {"first_device_type"}
{"id", "affiliate_provider", "first_affiliate_tracked", "first_browser", "action_type"} -> {"affiliate_channel"}
{"id", "gender", "signup_method", "country_destination", "action_type"} -> {"signup_flow", "signup_app"}
{"id", "gender", "affiliate_channel", "country_destination", "action_type"} -> {"signup_flow", "signup_app"}
{"id", "gender", "affiliate_provider", "country_destination", "action_type"} -> {"signup_flow", "signup_app"}
{"id", "gender", "first_affiliate_tracked", "country_destination", "action_type"} -> {"signup_flow", "affiliate_provider", "signup_app"}
{"id", "affiliate_provider", "first_device_type", "country_destination", "action_type"} -> {"affiliate_channel"}
{"signup_method", "affiliate_channel", "first_affiliate_tracked", "first_browser", "device_type"} -> {"first_device_type"}
{"id", "affiliate_provider", "first_affiliate_tracked", "first_browser", "device_type"} -> {"affiliate_channel"}
{"signup_method", "affiliate_provider", "first_affiliate_tracked", "first_browser", "device_type"} -> {"first_device_type"}
{"signup_method", "first_affiliate_tracked", "signup_app", "first_browser", "device_type"} -> {"first_device_type"}
{"affiliate_channel", "first_affiliate_tracked", "signup_app", "first_browser", "device_type"} -> {"first_device_type"}
{"affiliate_provider", "first_affiliate_tracked", "signup_app", "first_browser", "device_type"} -> {"first_device_type"}
{"signup_method", "affiliate_channel", "first_browser", "country_destination", "device_type"} -> {"first_device_type"}
{"signup_flow", "affiliate_channel", "first_browser", "country_destination", "device_type"} -> {"first_device_type"}
{"signup_method", "affiliate_provider", "first_browser", "country_destination", "device_type"} -> {"first_device_type"}
{"signup_flow", "affiliate_provider", "first_browser", "country_destination", "device_type"} -> {"first_device_type"}
{"id", "first_affiliate_tracked", "first_browser", "country_destination", "device_type"} -> {"affiliate_channel", "affiliate_provider"}
{"signup_method", "first_affiliate_tracked", "first_browser", "country_destination", "device_type"} -> {"first_device_type"}
{"affiliate_channel", "signup_app", "first_browser", "country_destination", "device_type"} -> {"first_device_type"}
{"affiliate_provider", "signup_app", "first_browser", "country_destination", "device_type"} -> {"first_device_type"}
{"first_affiliate_tracked", "signup_app", "first_browser", "country_destination", "device_type"} -> {"first_device_type"}
{"id", "affiliate_provider", "first_affiliate_tracked", "action_type", "device_type"} -> {"affiliate_channel"}
{"id", "affiliate_provider", "country_destination", "action_type", "device_type"} -> {"affiliate_channel"}
{"id", "gender", "affiliate_provider", "first_affiliate_tracked", "first_browser", "country_destination"} -> {"first_device_type"}
{"id", "gender", "first_affiliate_tracked", "first_device_type", "first_browser", "country_destination"} -> {"affiliate_channel", "affiliate_provider"}
{"id", "signup_method", "first_affiliate_tracked", "first_device_type", "first_browser", "country_destination"} -> {"affiliate_channel", "affiliate_provider"}
{"id", "signup_flow", "first_affiliate_tracked", "first_device_type", "first_browser", "country_destination"} -> {"affiliate_channel", "affiliate_provider"}
{"id", "first_affiliate_tracked", "signup_app", "first_device_type", "first_browser", "country_destination"} -> {"affiliate_channel", "affiliate_provider"}
{"id", "gender", "first_affiliate_tracked", "first_device_type", "country_destination", "action_type"} -> {"affiliate_channel"}
{"id", "signup_method", "first_affiliate_tracked", "first_device_type", "country_destination", "action_type"} -> {"affiliate_channel", "affiliate_provider"}
{"id", "gender", "first_affiliate_tracked", "first_browser", "country_destination", "action_type"} -> {"affiliate_channel"}
{"id", "signup_method", "first_affiliate_tracked", "first_browser", "country_destination", "action_type"} -> {"affiliate_channel", "affiliate_provider", "first_device_type"}
{"id", "signup_flow", "first_affiliate_tracked", "first_browser", "country_destination", "action_type"} -> {"affiliate_channel", "affiliate_provider"}
{"id", "first_affiliate_tracked", "signup_app", "first_browser", "country_destination", "action_type"} -> {"affiliate_channel", "affiliate_provider"}
{"id", "gender", "first_affiliate_tracked", "country_destination", "action_type", "device_type"} -> {"affiliate_channel"}
{"id", "signup_method", "first_affiliate_tracked", "country_destination", "action_type", "device_type"} -> {"affiliate_channel", "affiliate_provider"}
{"id", "gender", "signup_method", "affiliate_channel", "first_device_type", "first_browser", "country_destination"} -> {"first_affiliate_tracked"}
{"id", "gender", "signup_method", "affiliate_provider", "first_device_type", "first_browser", "country_destination"} -> {"first_affiliate_tracked"}
{"id", "gender", "signup_method", "affiliate_channel", "first_browser", "country_destination", "device_type"} -> {"first_affiliate_tracked"}
{"id", "gender", "signup_method", "affiliate_provider", "first_browser", "country_destination", "device_type"} -> {"first_affiliate_tracked"}
.
